<?xml version="1.0" encoding="UTF-8"?>
<testsuite xmlns:xsi="http://www.w3.org/2001/XMLSchema-instance" xsi:noNamespaceSchemaLocation="https://maven.apache.org/surefire/maven-surefire-plugin/xsd/surefire-test-report.xsd" version="3.0.2" name="com.vulnerableapp.vulnerable_java_app.VulnerableJavaAppApplicationTests" time="5.05" tests="1" errors="0" skipped="0" failures="0">
  <properties>
[...]
</properties>
  <testcase name="contextLoads" classname="com.vulnerableapp.vulnerable_java_app.VulnerableJavaAppApplicationTests" time="1.082">
    <system-out><![CDATA[13:04:52.109 [main] INFO org.springframework.test.context.support.AnnotationConfigContextLoaderUtils -- Could not detect default configuration classes for test class [com.vulnerableapp.vulnerable_java_app.VulnerableJavaAppApplicationTests]: VulnerableJavaAppApplicationTests does not declare any static, non-private, non-final, nested classes annotated with @Configuration.
13:04:52.299 [main] INFO org.springframework.boot.test.context.SpringBootTestContextBootstrapper -- Found @SpringBootConfiguration com.vulnerableapp.vulnerable_java_app.VulnerableJavaAppApplication for test class com.vulnerableapp.vulnerable_java_app.VulnerableJavaAppApplicationTests

  .   ____          _            __ _ _
 /\\ / ___'_ __ _ _(_)_ __  __ _ \ \ \ \
( ( )\___ | '_ | '_| | '_ \/ _` | \ \ \ \
 \\/  ___)| |_)| | | | | || (_| |  ) ) ) )
  '  |____| .__|_| |_|_| |_\__, | / / / /
 =========|_|==============|___/=/_/_/_/

 :: Spring Boot ::                (v3.4.4)

2025-04-16T13:04:53.064+02:00  INFO 9044 --- [vulnerable-java-app] [           main] c.v.v.VulnerableJavaAppApplicationTests  : Starting VulnerableJavaAppApplicationTests using Java 17.0.14 with PID 9044 (started by Garou in C:\Users\Garou\Desktop\applicazione_tesi\java)
2025-04-16T13:04:53.069+02:00  INFO 9044 --- [vulnerable-java-app] [           main] c.v.v.VulnerableJavaAppApplicationTests  : No active profile set, falling back to 1 default profile: "default"
2025-04-16T13:04:54.014+02:00  INFO 9044 --- [vulnerable-java-app] [           main] .s.d.r.c.RepositoryConfigurationDelegate : Bootstrapping Spring Data JDBC repositories in DEFAULT mode.
2025-04-16T13:04:54.039+02:00  INFO 9044 --- [vulnerable-java-app] [           main] .s.d.r.c.RepositoryConfigurationDelegate : Finished Spring Data repository scanning in 18 ms. Found 0 JDBC repository interfaces.
2025-04-16T13:04:54.430+02:00  INFO 9044 --- [vulnerable-java-app] [           main] com.zaxxer.hikari.HikariDataSource       : HikariPool-1 - Starting...
2025-04-16T13:04:54.730+02:00  INFO 9044 --- [vulnerable-java-app] [           main] com.zaxxer.hikari.pool.HikariPool        : HikariPool-1 - Added connection conn0: url=jdbc:h2:mem:testdb user=SA
2025-04-16T13:04:54.736+02:00  INFO 9044 --- [vulnerable-java-app] [           main] com.zaxxer.hikari.HikariDataSource       : HikariPool-1 - Start completed.
2025-04-16T13:04:55.752+02:00  INFO 9044 --- [vulnerable-java-app] [           main] o.s.b.a.h2.H2ConsoleAutoConfiguration    : H2 console available at '/h2-console'. Database available at 'jdbc:h2:mem:testdb'
2025-04-16T13:04:55.825+02:00  INFO 9044 --- [vulnerable-java-app] [           main] c.v.v.VulnerableJavaAppApplicationTests  : Started VulnerableJavaAppApplicationTests in 3.223 seconds (process running for 4.883)
]]></system-out>
  </testcase>
</testsuite>